<?xml version="1.0" encoding="UTF-8"?>
<!-- Generated by org.testng.reporters.JUnitXMLReporter -->
<testsuite ignored="0" hostname="Alis-MacBook-Pro.local" failures="0" tests="5" name="Command line test" time="0.03" errors="0" timestamp="2020-12-16T23:37:08 CET">
  <testcase classname="inaracademy.MavenJava.AppTest" name="shouldAnswerWithTrue" time="0.005"/>
  <testcase classname="inaracademy.MavenJava.AppiumTest" name="portJira" time="0.001"/>
  <testcase classname="inaracademy.MavenJava.SeleniumTest" name="BrowserAutomation" time="0.0"/>
  <testcase classname="inaracademy.MavenJava.SeleniumTest" name="elementsUI" time="0.0"/>
  <testcase classname="inaracademy.MavenJava.RESTAPITest" name="postJira" time="0.0"/>
</testsuite> <!-- Command line test -->
