<?xml version="1.0" encoding="UTF-8"?>
<testng-results ignored="0" total="5" passed="5" failed="0" skipped="0">
  <reporter-output>
  </reporter-output>
  <suite started-at="2020-12-16T23:37:08 CET" name="Command line suite" finished-at="2020-12-16T23:37:08 CET" duration-ms="30">
    <groups>
    </groups>
    <test started-at="2020-12-16T23:37:08 CET" name="Command line test" finished-at="2020-12-16T23:37:08 CET" duration-ms="30">
      <class name="inaracademy.MavenJava.RESTAPITest">
        <test-method signature="postJira()[pri:0, instance:inaracademy.MavenJava.RESTAPITest@87f383f]" started-at="2020-12-16T23:37:08 CET" name="postJira" finished-at="2020-12-16T23:37:08 CET" duration-ms="0" status="PASS">
          <reporter-output>
          </reporter-output>
        </test-method> <!-- postJira -->
      </class> <!-- inaracademy.MavenJava.RESTAPITest -->
      <class name="inaracademy.MavenJava.AppiumTest">
        <test-method signature="portJira()[pri:0, instance:inaracademy.MavenJava.AppiumTest@ed9d034]" started-at="2020-12-16T23:37:08 CET" name="portJira" finished-at="2020-12-16T23:37:08 CET" duration-ms="1" status="PASS">
          <reporter-output>
          </reporter-output>
        </test-method> <!-- portJira -->
      </class> <!-- inaracademy.MavenJava.AppiumTest -->
      <class name="inaracademy.MavenJava.SeleniumTest">
        <test-method signature="BrowserAutomation()[pri:0, instance:inaracademy.MavenJava.SeleniumTest@6121c9d6]" started-at="2020-12-16T23:37:08 CET" name="BrowserAutomation" finished-at="2020-12-16T23:37:08 CET" duration-ms="0" status="PASS">
          <reporter-output>
          </reporter-output>
        </test-method> <!-- BrowserAutomation -->
        <test-method signature="elementsUI()[pri:0, instance:inaracademy.MavenJava.SeleniumTest@6121c9d6]" started-at="2020-12-16T23:37:08 CET" name="elementsUI" finished-at="2020-12-16T23:37:08 CET" duration-ms="0" status="PASS">
          <reporter-output>
          </reporter-output>
        </test-method> <!-- elementsUI -->
      </class> <!-- inaracademy.MavenJava.SeleniumTest -->
      <class name="inaracademy.MavenJava.AppTest">
        <test-method signature="shouldAnswerWithTrue()[pri:0, instance:inaracademy.MavenJava.AppTest@4d3167f4]" started-at="2020-12-16T23:37:08 CET" name="shouldAnswerWithTrue" finished-at="2020-12-16T23:37:08 CET" duration-ms="5" status="PASS">
          <reporter-output>
          </reporter-output>
        </test-method> <!-- shouldAnswerWithTrue -->
      </class> <!-- inaracademy.MavenJava.AppTest -->
    </test> <!-- Command line test -->
  </suite> <!-- Command line suite -->
</testng-results>
